Statistical profiling result from isolate-000002A2A2E435B0-18560-v8-18560.log, (524 ticks, 0 unaccounted, 0 excluded).

 [Shared libraries]:
   ticks  total  nonlib   name
    338   64.5%          C:\WINDOWS\SYSTEM32\ntdll.dll
    185   35.3%          C:\Program Files\nodejs\node.exe

 [JavaScript]:
   ticks  total  nonlib   name
      1    0.2%  100.0%  LazyCompile: *getPathFromURLWin32 node:internal/url:1360:29

 [C++]:
   ticks  total  nonlib   name

 [Summary]:
   ticks  total  nonlib   name
      1    0.2%  100.0%  JavaScript
      0    0.0%    0.0%  C++
      7    1.3%  700.0%  GC
    523   99.8%          Shared libraries

 [C++ entry points]:
   ticks    cpp   total   name

 [Bottom up (heavy) profile]:
  Note: percentage shows a share of a particular caller in the total
  amount of its parent calls.
  Callers occupying less than 1.0% are not shown.

   ticks parent  name
    338   64.5%  C:\WINDOWS\SYSTEM32\ntdll.dll
      9    2.7%    C:\Program Files\nodejs\node.exe
      1   11.1%      LazyCompile: ~p C:\Users\Dell\Documents\CoderHouse\Backend\node_modules\whatwg-url\lib\url-state-machine.js:10:11
      1  100.0%        LazyCompile: ~parseScheme C:\Users\Dell\Documents\CoderHouse\Backend\node_modules\whatwg-url\lib\url-state-machine.js:555:65
      1  100.0%          LazyCompile: ~URLStateMachine C:\Users\Dell\Documents\CoderHouse\Backend\node_modules\whatwg-url\lib\url-state-machine.js:481:25
      1  100.0%            LazyCompile: ~module.exports.basicURLParse C:\Users\Dell\Documents\CoderHouse\Backend\node_modules\whatwg-url\lib\url-state-machine.js:1206:41
      1   11.1%      LazyCompile: ~onConnectSecure node:_tls_wrap:1516:25
      1  100.0%        Function: ^emit node:events:340:44
      1  100.0%          LazyCompile: ~TLSSocket._finishInit node:_tls_wrap:918:43
      1  100.0%            LazyCompile: ~ssl.onhandshakedone node:_tls_wrap:723:27
      1   11.1%      LazyCompile: ~moduleResolve node:internal/modules/esm/resolve:917:23
      1  100.0%        LazyCompile: ~defaultResolve node:internal/modules/esm/resolve:981:24
      1  100.0%          LazyCompile: ~resolve node:internal/modules/esm/loader:402:16
      1  100.0%            LazyCompile: ~getModuleJob node:internal/modules/esm/loader:221:21
      1   11.1%      LazyCompile: ~get C:\Users\Dell\Documents\CoderHouse\Backend\node_modules\mongodb\lib\index.js:47:79
      1  100.0%        Function: ^<anonymous> node:internal/modules/esm/translators:181:67
      1  100.0%          C:\Program Files\nodejs\node.exe
      1  100.0%            LazyCompile: ~run node:internal/modules/esm/module_job:180:12
      1   11.1%      LazyCompile: ~Module._findPath node:internal/modules/cjs/loader:494:28
      1  100.0%        LazyCompile: ~Module._resolveFilename node:internal/modules/cjs/loader:848:35
      1  100.0%          LazyCompile: ~Module._load node:internal/modules/cjs/loader:757:24
      1  100.0%            LazyCompile: ~Module.require node:internal/modules/cjs/loader:997:36
      1   11.1%      LazyCompile: *getPathFromURLWin32 node:internal/url:1360:29
      1  100.0%        Function: ^fileURLToPath node:internal/url:1413:23
      1  100.0%          Function: ^toPathIfFileURL node:internal/url:1496:25
      1  100.0%            Function: ^<anonymous> node:internal/fs/utils:680:42
      1   11.1%      Function: ~<anonymous> node:internal/streams/lazy_transform:1:1
      1  100.0%        Function: ^compileForInternalLoader node:internal/bootstrap/loaders:299:27
      1  100.0%          Function: ^nativeModuleRequire node:internal/bootstrap/loaders:332:29
      1  100.0%            Function: ~<anonymous> node:internal/crypto/cipher:1:1
      1   11.1%      Function: ~<anonymous> node:internal/process/esm_loader:1:1
      1  100.0%        Function: ^compileForInternalLoader node:internal/bootstrap/loaders:299:27
      1  100.0%          Function: ^nativeModuleRequire node:internal/bootstrap/loaders:332:29
      1  100.0%            Function: ~<anonymous> node:internal/modules/cjs/loader:1:1
      1   11.1%      C:\Program Files\nodejs\node.exe
      1  100.0%        Function: ^nextPart node:fs:2384:31
      1  100.0%          Function: ^realpathSync node:fs:2408:22
      1  100.0%            Function: ^toRealPath node:internal/modules/cjs/loader:393:20

    185   35.3%  C:\Program Files\nodejs\node.exe
    164   88.6%    C:\Program Files\nodejs\node.exe
     39   23.8%      Function: ^compileFunction node:vm:308:25
     39  100.0%        Function: ^wrapSafe node:internal/modules/cjs/loader:1017:18
     39  100.0%          Function: ^Module._compile node:internal/modules/cjs/loader:1055:37
     37   94.9%            Function: ^Module._extensions..js node:internal/modules/cjs/loader:1110:37
      2    5.1%            LazyCompile: ~Module._extensions..js node:internal/modules/cjs/loader:1110:37
     36   22.0%      Function: ^moduleStrategy node:internal/modules/esm/translators:134:56
     36  100.0%        Function: ^moduleProvider node:internal/modules/esm/loader:229:28
     36  100.0%          C:\Program Files\nodejs\node.exe
     13    7.9%      Function: ^realpathSync node:fs:2408:22
     11   84.6%        Function: ^toRealPath node:internal/modules/cjs/loader:393:20
     10   90.9%          Function: ^tryFile node:internal/modules/cjs/loader:384:17
      6   60.0%            Function: ^tryExtensions node:internal/modules/cjs/loader:400:23
      2   20.0%            LazyCompile: ~tryPackage node:internal/modules/cjs/loader:338:20
      2   20.0%            Function: ^tryPackage node:internal/modules/cjs/loader:338:20
      1    9.1%          Function: ^Module._findPath node:internal/modules/cjs/loader:494:28
      1  100.0%            Function: ^Module._resolveFilename node:internal/modules/cjs/loader:848:35
      1    7.7%        LazyCompile: ~defaultResolve node:internal/modules/esm/resolve:981:24
      1  100.0%          LazyCompile: ~resolve node:internal/modules/esm/loader:402:16
      1  100.0%            LazyCompile: ~getModuleJob node:internal/modules/esm/loader:221:21
      1    7.7%        Function: ^defaultResolve node:internal/modules/esm/resolve:981:24
      1  100.0%          Function: ^resolve node:internal/modules/esm/loader:402:16
      1  100.0%            Function: ^getModuleJob node:internal/modules/esm/loader:221:21
      7    4.3%      Function: ^stat node:internal/modules/cjs/loader:151:14
      5   71.4%        Function: ^Module._findPath node:internal/modules/cjs/loader:494:28
      4   80.0%          Function: ^Module._resolveFilename node:internal/modules/cjs/loader:848:35
      4  100.0%            Function: ^Module._load node:internal/modules/cjs/loader:757:24
      1   20.0%          LazyCompile: ~Module._resolveFilename node:internal/modules/cjs/loader:848:35
      1  100.0%            LazyCompile: ~Module._load node:internal/modules/cjs/loader:757:24
      2   28.6%        Function: ^tryFile node:internal/modules/cjs/loader:384:17
      2  100.0%          Function: ^tryExtensions node:internal/modules/cjs/loader:400:23
      2  100.0%            Function: ^Module._findPath node:internal/modules/cjs/loader:494:28
      6    3.7%      Function: ^compileForInternalLoader node:internal/bootstrap/loaders:299:27
      6  100.0%        Function: ^nativeModuleRequire node:internal/bootstrap/loaders:332:29
      2   33.3%          Function: ~<anonymous> node:http:1:1
      2  100.0%            Function: ^compileForInternalLoader node:internal/bootstrap/loaders:299:27
      1   16.7%          LazyCompile: ~initializeCJSLoader node:internal/bootstrap/pre_execution:421:29
      1  100.0%            LazyCompile: ~prepareMainThreadExecution node:internal/bootstrap/pre_execution:22:36
      1   16.7%          Function: ~<anonymous> node:tls:1:1
      1  100.0%            Function: ^compileForInternalLoader node:internal/bootstrap/loaders:299:27
      1   16.7%          Function: ~<anonymous> node:internal/modules/esm/get_source:1:1
      1  100.0%            Function: ^compileForInternalLoader node:internal/bootstrap/loaders:299:27
      1   16.7%          Function: ~<anonymous> node:crypto:1:1
      1  100.0%            Function: ^compileForInternalLoader node:internal/bootstrap/loaders:299:27
      4    2.4%      Function: ^readSync node:fs:684:18
      4  100.0%        Function: ^tryReadSync node:fs:429:21
      4  100.0%          Function: ^readFileSync node:fs:450:22
      4  100.0%            Function: ^Module._extensions..js node:internal/modules/cjs/loader:1110:37
      3    1.8%      Function: ^openSync node:fs:576:18
      3  100.0%        Function: ^readFileSync node:fs:450:22
      3  100.0%          Function: ^Module._extensions..js node:internal/modules/cjs/loader:1110:37
      3  100.0%            Function: ^Module.load node:internal/modules/cjs/loader:969:33
      2    1.2%      LazyCompile: ~stat node:internal/modules/cjs/loader:151:14
      2  100.0%        LazyCompile: ~Module._findPath node:internal/modules/cjs/loader:494:28
      2  100.0%          LazyCompile: ~Module._resolveFilename node:internal/modules/cjs/loader:848:35
      2  100.0%            LazyCompile: ~<anonymous> node:internal/modules/esm/translators:249:36
      2    1.2%      LazyCompile: ~isatty node:tty:42:16
      1   50.0%        LazyCompile: ~useColors C:\Users\Dell\Documents\CoderHouse\Backend\node_modules\socket.io-parser\node_modules\debug\src\node.js:155:19
      1  100.0%          LazyCompile: ~createDebug C:\Users\Dell\Documents\CoderHouse\Backend\node_modules\socket.io-parser\node_modules\debug\src\common.js:60:22
      1  100.0%            Function: ~<anonymous> C:\Users\Dell\Documents\CoderHouse\Backend\node_modules\socket.io-parser\dist\index.js:1:1
      1   50.0%        Function: ~<anonymous> C:\Users\Dell\Documents\CoderHouse\Backend\node_modules\supports-color\index.js:1:1
      1  100.0%          LazyCompile: ~Module._compile node:internal/modules/cjs/loader:1055:37
      1  100.0%            LazyCompile: ~Module._extensions..js node:internal/modules/cjs/loader:1110:37
      2    1.2%      LazyCompile: ~checkError node:os:64:45
      2  100.0%        Function: ~<anonymous> C:\Users\Dell\Documents\CoderHouse\Backend\node_modules\pino\pino.js:1:1
      2  100.0%          Function: ^Module._compile node:internal/modules/cjs/loader:1055:37
      2  100.0%            Function: ^Module._extensions..js node:internal/modules/cjs/loader:1110:37
      2    1.2%      LazyCompile: ~Module._extensions..json node:internal/modules/cjs/loader:1158:39
      1   50.0%        LazyCompile: ~Module.load node:internal/modules/cjs/loader:969:33
      1  100.0%          LazyCompile: ~Module._load node:internal/modules/cjs/loader:757:24
      1  100.0%            LazyCompile: ~Module.require node:internal/modules/cjs/loader:997:36
      1   50.0%        Function: ^Module.load node:internal/modules/cjs/loader:969:33
      1  100.0%          Function: ^Module._load node:internal/modules/cjs/loader:757:24
      1  100.0%            Function: ^Module.require node:internal/modules/cjs/loader:997:36
      2    1.2%      Function: ^selectColor C:\Users\Dell\Documents\CoderHouse\Backend\node_modules\debug\src\debug.js:44:21
      1   50.0%        LazyCompile: ~createDebug C:\Users\Dell\Documents\CoderHouse\Backend\node_modules\debug\src\debug.js:63:21
      1  100.0%          Function: ~<anonymous> C:\Users\Dell\Documents\CoderHouse\Backend\node_modules\body-parser\lib\types\text.js:1:1
      1  100.0%            Function: ^Module._compile node:internal/modules/cjs/loader:1055:37
      1   50.0%        Function: ^createDebug C:\Users\Dell\Documents\CoderHouse\Backend\node_modules\debug\src\debug.js:63:21
      1  100.0%          Function: ~<anonymous> C:\Users\Dell\Documents\CoderHouse\Backend\node_modules\compression\index.js:1:1
      1  100.0%            Function: ^Module._compile node:internal/modules/cjs/loader:1055:37
      2    1.2%      Function: ^isatty node:tty:42:16
      1   50.0%        LazyCompile: ~useColors C:\Users\Dell\Documents\CoderHouse\Backend\node_modules\socket.io\node_modules\debug\src\node.js:155:19
      1  100.0%          LazyCompile: ~createDebug C:\Users\Dell\Documents\CoderHouse\Backend\node_modules\socket.io\node_modules\debug\src\common.js:60:22
      1  100.0%            Function: ~<anonymous> C:\Users\Dell\Documents\CoderHouse\Backend\node_modules\socket.io\dist\uws.js:1:1
      1   50.0%        LazyCompile: ~useColors C:\Users\Dell\Documents\CoderHouse\Backend\node_modules\debug\src\node.js:75:19
      1  100.0%          LazyCompile: ~createDebug C:\Users\Dell\Documents\CoderHouse\Backend\node_modules\debug\src\debug.js:63:21
      1  100.0%            Function: ~<anonymous> C:\Users\Dell\Documents\CoderHouse\Backend\node_modules\body-parser\lib\types\urlencoded.js:1:1
      2    1.1%    Function: ^resolveExports node:internal/modules/cjs/loader:472:24
      2  100.0%      Function: ^Module._findPath node:internal/modules/cjs/loader:494:28
      2  100.0%        Function: ^Module._resolveFilename node:internal/modules/cjs/loader:848:35
      2  100.0%          Function: ^Module._load node:internal/modules/cjs/loader:757:24
      2  100.0%            Function: ^Module.require node:internal/modules/cjs/loader:997:36
      2    1.1%    Function: ^Module._findPath node:internal/modules/cjs/loader:494:28
      2  100.0%      Function: ^Module._resolveFilename node:internal/modules/cjs/loader:848:35
      2  100.0%        Function: ^Module._load node:internal/modules/cjs/loader:757:24
      2  100.0%          Function: ^Module.require node:internal/modules/cjs/loader:997:36
      2  100.0%            Function: ^require node:internal/modules/cjs/helpers:101:31

