Statistical profiling result from isolate-000001A0F9823800-23096-v8-23096.log, (8094 ticks, 0 unaccounted, 0 excluded).

 [Shared libraries]:
   ticks  total  nonlib   name
   7890   97.5%          C:\WINDOWS\SYSTEM32\ntdll.dll
    201    2.5%          C:\Program Files\nodejs\node.exe

 [JavaScript]:
   ticks  total  nonlib   name
      1    0.0%   33.3%  LazyCompile: *toNamespacedPath node:path:618:19
      1    0.0%   33.3%  Function: ^processTimers node:internal/timers:485:25
      1    0.0%   33.3%  Function: ^Long.isNegative C:\Users\Dell\Documents\CoderHouse\Backend\node_modules\bson\lib\long.js:493:42

 [C++]:
   ticks  total  nonlib   name

 [Summary]:
   ticks  total  nonlib   name
      3    0.0%  100.0%  JavaScript
      0    0.0%    0.0%  C++
     19    0.2%  633.3%  GC
   8091  100.0%          Shared libraries

 [C++ entry points]:
   ticks    cpp   total   name

 [Bottom up (heavy) profile]:
  Note: percentage shows a share of a particular caller in the total
  amount of its parent calls.
  Callers occupying less than 1.0% are not shown.

   ticks parent  name
   7890   97.5%  C:\WINDOWS\SYSTEM32\ntdll.dll

    201    2.5%  C:\Program Files\nodejs\node.exe
    148   73.6%    C:\Program Files\nodejs\node.exe
     44   29.7%      Function: ^compileFunction node:vm:308:25
     42   95.5%        Function: ^wrapSafe node:internal/modules/cjs/loader:1017:18
     42  100.0%          Function: ^Module._compile node:internal/modules/cjs/loader:1055:37
     39   92.9%            Function: ^Module._extensions..js node:internal/modules/cjs/loader:1110:37
      3    7.1%            LazyCompile: ~Module._extensions..js node:internal/modules/cjs/loader:1110:37
      2    4.5%        LazyCompile: ~wrapSafe node:internal/modules/cjs/loader:1017:18
      2  100.0%          LazyCompile: ~Module._compile node:internal/modules/cjs/loader:1055:37
      2  100.0%            LazyCompile: ~Module._extensions..js node:internal/modules/cjs/loader:1110:37
     31   20.9%      Function: ^moduleStrategy node:internal/modules/esm/translators:134:56
     31  100.0%        Function: ^moduleProvider node:internal/modules/esm/loader:229:28
     31  100.0%          C:\Program Files\nodejs\node.exe
     11    7.4%      Function: ^realpathSync node:fs:2408:22
      9   81.8%        Function: ^toRealPath node:internal/modules/cjs/loader:393:20
      9  100.0%          Function: ^tryFile node:internal/modules/cjs/loader:384:17
      6   66.7%            Function: ^tryExtensions node:internal/modules/cjs/loader:400:23
      1   11.1%            LazyCompile: ~tryPackage node:internal/modules/cjs/loader:338:20
      1   11.1%            LazyCompile: ~finalizeEsmResolution node:internal/modules/cjs/loader:939:31
      1   11.1%            Function: ^tryPackage node:internal/modules/cjs/loader:338:20
      2   18.2%        Function: ^defaultResolve node:internal/modules/esm/resolve:981:24
      2  100.0%          Function: ^resolve node:internal/modules/esm/loader:402:16
      2  100.0%            Function: ^getModuleJob node:internal/modules/esm/loader:221:21
     10    6.8%      Function: ^compileForInternalLoader node:internal/bootstrap/loaders:299:27
      8   80.0%        Function: ^nativeModuleRequire node:internal/bootstrap/loaders:332:29
      1   12.5%          LazyCompile: ~lazyRequire node:internal/crypto/util:67:21
      1  100.0%            LazyCompile: ~get node:crypto:287:8
      1   12.5%          LazyCompile: ~initializeSourceMapsHandlers node:internal/bootstrap/pre_execution:460:38
      1  100.0%            LazyCompile: ~prepareMainThreadExecution node:internal/bootstrap/pre_execution:22:36
      1   12.5%          Function: ~<anonymous> node:tls:1:1
      1  100.0%            Function: ^compileForInternalLoader node:internal/bootstrap/loaders:299:27
      1   12.5%          Function: ~<anonymous> node:internal/process/esm_loader:1:1
      1  100.0%            Function: ^compileForInternalLoader node:internal/bootstrap/loaders:299:27
      1   12.5%          Function: ~<anonymous> node:internal/crypto/hkdf:1:1
      1  100.0%            Function: ^compileForInternalLoader node:internal/bootstrap/loaders:299:27
      1   12.5%          Function: ~<anonymous> node:http:1:1
      1  100.0%            Function: ^compileForInternalLoader node:internal/bootstrap/loaders:299:27
      1   12.5%          Function: ~<anonymous> node:assert:1:1
      1  100.0%            Function: ^compileForInternalLoader node:internal/bootstrap/loaders:299:27
      1   12.5%          Function: ~<anonymous> node:_http_client:1:1
      1  100.0%            Function: ^compileForInternalLoader node:internal/bootstrap/loaders:299:27
      2   20.0%        LazyCompile: ~compileForPublicLoader node:internal/bootstrap/loaders:246:25
      2  100.0%          LazyCompile: ~loadNativeModule node:internal/modules/cjs/helpers:44:26
      1   50.0%            LazyCompile: ~builtinStrategy node:internal/modules/esm/translators:270:58
      1   50.0%            LazyCompile: ~Module._load node:internal/modules/cjs/loader:757:24
      6    4.1%      Function: ^stat node:internal/modules/cjs/loader:151:14
      3   50.0%        Function: ^tryFile node:internal/modules/cjs/loader:384:17
      3  100.0%          Function: ^tryExtensions node:internal/modules/cjs/loader:400:23
      3  100.0%            Function: ^Module._findPath node:internal/modules/cjs/loader:494:28
      3   50.0%        Function: ^Module._findPath node:internal/modules/cjs/loader:494:28
      3  100.0%          Function: ^Module._resolveFilename node:internal/modules/cjs/loader:848:35
      3  100.0%            Function: ^Module._load node:internal/modules/cjs/loader:757:24
      3    2.0%      C:\Program Files\nodejs\node.exe
      1   33.3%        LazyCompile: ~run node:internal/modules/esm/module_job:180:12
      1  100.0%          C:\Program Files\nodejs\node.exe
      1   33.3%        LazyCompile: ~MongoStore C:\Users\Dell\Documents\CoderHouse\Backend\node_modules\connect-mongo\build\main\lib\MongoStore.js:75:16
      1  100.0%          LazyCompile: ~create C:\Users\Dell\Documents\CoderHouse\Backend\node_modules\connect-mongo\build\main\lib\MongoStore.js:135:18
      1  100.0%            LazyCompile: ~startApp file:///C:/Users/Dell/Documents/CoderHouse/Backend/server.js:27:18
      1   33.3%        Function: ~<anonymous> C:\Users\Dell\Documents\CoderHouse\Backend\node_modules\express\lib\router\route.js:1:1
      1  100.0%          Function: ^Module._compile node:internal/modules/cjs/loader:1055:37
      1  100.0%            Function: ^Module._extensions..js node:internal/modules/cjs/loader:1110:37
      2    1.4%      LazyCompile: ~open node:internal/fs/promises:449:20
      2  100.0%        LazyCompile: ~readFile node:internal/fs/promises:786:24
      2  100.0%          LazyCompile: ~defaultGetSource node:internal/modules/esm/get_source:25:32
      2  100.0%            LazyCompile: ~defaultLoad node:internal/modules/esm/load:7:27
      2    1.4%      LazyCompile: ~isatty node:tty:42:16
      1   50.0%        LazyCompile: ~useColors C:\Users\Dell\Documents\CoderHouse\Backend\node_modules\engine.io\node_modules\debug\src\node.js:155:19
      1  100.0%          LazyCompile: ~createDebug C:\Users\Dell\Documents\CoderHouse\Backend\node_modules\engine.io\node_modules\debug\src\common.js:60:22
      1  100.0%            Function: ~<anonymous> C:\Users\Dell\Documents\CoderHouse\Backend\node_modules\engine.io\build\transports\websocket.js:1:1
      1   50.0%        Function: ~<anonymous> C:\Users\Dell\Documents\CoderHouse\Backend\node_modules\supports-color\index.js:1:1
      1  100.0%          LazyCompile: ~Module._compile node:internal/modules/cjs/loader:1055:37
      1  100.0%            LazyCompile: ~Module._extensions..js node:internal/modules/cjs/loader:1110:37
      2    1.4%      Function: ^statSync node:fs:1528:18
      1   50.0%        Function: ^tryStatSync node:internal/modules/esm/resolve:183:3
      1  100.0%          Function: ^finalizeResolution node:internal/modules/esm/resolve:389:28
      1  100.0%            Function: ^moduleResolve node:internal/modules/esm/resolve:917:23
      1   50.0%        Function: ^fileExists node:internal/modules/esm/resolve:282:20
      1  100.0%          LazyCompile: ~legacyMainResolve node:internal/modules/esm/resolve:298:27
      1  100.0%            LazyCompile: ~packageResolve node:internal/modules/esm/resolve:838:24
      2    1.4%      Function: ^Long C:\Users\Dell\Documents\CoderHouse\Backend\node_modules\bson\lib\long.js:59:18
      1   50.0%        Function: ^Timestamp C:\Users\Dell\Documents\CoderHouse\Backend\node_modules\bson\lib\timestamp.js:29:23
      1  100.0%          Function: ^deserializeObject C:\Users\Dell\Documents\CoderHouse\Backend\node_modules\bson\lib\parser\deserializer.js:65:27
      1  100.0%            Function: ^deserializeObject C:\Users\Dell\Documents\CoderHouse\Backend\node_modules\bson\lib\parser\deserializer.js:65:27
      1   50.0%        Function: ^Long.fromBits C:\Users\Dell\Documents\CoderHouse\Backend\node_modules\bson\lib\long.js:89:30
      1  100.0%          Function: ^Long.not C:\Users\Dell\Documents\CoderHouse\Backend\node_modules\bson\lib\long.js:623:35
      1  100.0%            Function: ^Long.negate C:\Users\Dell\Documents\CoderHouse\Backend\node_modules\bson\lib\long.js:613:38

